[15:08:14] [ServerMain/INFO]: Environment: Environment[sessionHost=https://sessionserver.mojang.com, servicesHost=https://api.minecraftservices.com, profilesHost=https://api.mojang.com, name=PROD]
[15:08:16] [ServerMain/INFO]: No existing world data, creating new world
[15:08:17] [ServerMain/INFO]: Loaded 1461 recipes
[15:08:17] [ServerMain/INFO]: Loaded 1574 advancements
[15:08:17] [Server thread/INFO]: Starting minecraft server version 1.21.10
[15:08:17] [Server thread/INFO]: Loading properties
[15:08:17] [Server thread/INFO]: Default game type: SURVIVAL
[15:08:17] [Server thread/INFO]: Generating keypair
[15:08:17] [Server thread/INFO]: Starting Minecraft server on *:25565
[15:08:17] [Server thread/INFO]: Using epoll channel type
[15:08:18] [Server thread/WARN]: **** SERVER IS RUNNING IN OFFLINE/INSECURE MODE!
[15:08:18] [Server thread/WARN]: The server will make no attempt to authenticate usernames. Beware.
[15:08:18] [Server thread/WARN]: While this makes the game possible to play without internet access, it also opens up the ability for hackers to connect with any username they choose.
[15:08:18] [Server thread/WARN]: To change this, set "online-mode" to "true" in the server.properties file.
[15:08:18] [Server thread/INFO]: Preparing level "world"
[15:08:18] [Server thread/INFO]: Selecting global world spawn...
[15:08:33] [Server thread/INFO]: Loading 0 persistent chunks...
[15:08:33] [Server thread/INFO]: Preparing spawn area: 100%
[15:08:33] [Server thread/INFO]: Time elapsed: 15117 ms
[15:08:33] [Server thread/INFO]: Done (15.729s)! For help, type "help"
